<?xml version="1.0" encoding="UTF-8"?>
<!-- Generated by org.testng.reporters.JUnitReportReporter -->
<testsuite skipped="0" hostname="DESKTOP-VMSO8QB" name="com.projectName.cucumber.runners.ValidateCustomerFeatureRunner" tests="1" failures="0" timestamp="28 Jul 2020 16:50:58 GMT" time="70.649" errors="0">
  <testcase name="runScenario" time="70.649" classname="com.projectName.cucumber.runners.ValidateCustomerFeatureRunner"/>
</testsuite> <!-- com.projectName.cucumber.runners.ValidateCustomerFeatureRunner -->
