<?xml version="1.0" encoding="UTF-8"?>
<!-- Generated by org.testng.reporters.JUnitReportReporter -->
<testsuite skipped="0" hostname="DESKTOP-VMSO8QB" name="com.projectName.cucumber.runners.ValidatePricingFeatureRunner" tests="1" failures="0" timestamp="28 Jul 2020 16:50:58 GMT" time="66.572" errors="0">
  <testcase name="runScenario" time="66.572" classname="com.projectName.cucumber.runners.ValidatePricingFeatureRunner"/>
</testsuite> <!-- com.projectName.cucumber.runners.ValidatePricingFeatureRunner -->
